[debug] [2019-08-10T02:54:29.410Z] ----------------------------------------------------------------------
[debug] [2019-08-10T02:54:29.418Z] Command:       C:\Program Files\nodejs\node.exe C:\Users\Rahma\AppData\Roaming\npm\node_modules\firebase-tools\lib\bin\firebase.js init
[debug] [2019-08-10T02:54:29.419Z] CLI Version:   7.2.0
[debug] [2019-08-10T02:54:29.419Z] Platform:      win32
[debug] [2019-08-10T02:54:29.419Z] Node Version:  v10.15.3
[debug] [2019-08-10T02:54:29.422Z] Time:          Sat Aug 10 2019 04:54:29 GMT+0200 (Central European Summer Time)
[debug] [2019-08-10T02:54:29.424Z] ----------------------------------------------------------------------
[debug] 
[debug] [2019-08-10T02:54:29.453Z] > command requires scopes: ["email","openid","https://www.googleapis.com/auth/cloudplatformprojects.readonly","https://www.googleapis.com/auth/firebase","https://www.googleapis.com/auth/cloud-platform"]
[debug] [2019-08-10T02:54:29.456Z] > authorizing via signed-in user
[info] 
     ######## #### ########  ######## ########     ###     ######  ########
     ##        ##  ##     ## ##       ##     ##  ##   ##  ##       ##
     ######    ##  ########  ######   ########  #########  ######  ######
     ##        ##  ##    ##  ##       ##     ## ##     ##       ## ##
     ##       #### ##     ## ######## ########  ##     ##  ######  ########

You're about to initialize a Firebase project in this directory:

  C:\Users\Rahma\Desktop\angular\portfolio\porfolio

[info] 
=== Project Setup
[info] 
[info] First, let's associate this project directory with a Firebase project.
[info] You can create multiple project aliases by running firebase use --add, 
[info] but for now we'll just set up a default project.
[info] 
[debug] [2019-08-10T02:54:48.776Z] > refreshing access token with scopes: ["email","https://www.googleapis.com/auth/cloud-platform","https://www.googleapis.com/auth/cloudplatformprojects.readonly","https://www.googleapis.com/auth/firebase","openid"]
[debug] [2019-08-10T02:54:48.777Z] >>> HTTP REQUEST POST https://www.googleapis.com/oauth2/v3/token  
 <request body omitted>
[debug] [2019-08-10T02:54:49.418Z] <<< HTTP RESPONSE 200
[debug] [2019-08-10T02:54:49.541Z] >>> HTTP REQUEST GET https://firebase.googleapis.com/v1beta1/projects?page_size=100  
 
[debug] [2019-08-10T02:54:50.518Z] <<< HTTP RESPONSE 200
[info] i  Using project form-c4b45 (form)
[info] 
=== Hosting Setup
[info] 
[info] Your public directory is the folder (relative to your project directory) that
[info] will contain Hosting assets to be uploaded with firebase deploy. If you
[info] have a build process for your assets, use your build's output directory.
[info] 
[info] +  Wrote dist/404.html
[debug] [2019-08-10T02:55:17.779Z] >>> HTTP REQUEST GET https://www.gstatic.com/firebasejs/releases.json  
 
[debug] [2019-08-10T02:55:19.104Z] Error: unable to verify the first certificate
    at TLSSocket.onConnectSecure (_tls_wrap.js:1051:34)
    at TLSSocket.emit (events.js:189:13)
    at TLSSocket.EventEmitter.emit (domain.js:441:20)
    at TLSSocket._finishInit (_tls_wrap.js:633:8)
[error] 
[error] Error: Server Error. unable to verify the first certificate
[debug] [2019-08-10T02:55:49.584Z] ----------------------------------------------------------------------
[debug] [2019-08-10T02:55:49.593Z] Command:       C:\Program Files\nodejs\node.exe C:\Users\Rahma\AppData\Roaming\npm\node_modules\firebase-tools\lib\bin\firebase.js init
[debug] [2019-08-10T02:55:49.594Z] CLI Version:   7.2.0
[debug] [2019-08-10T02:55:49.594Z] Platform:      win32
[debug] [2019-08-10T02:55:49.594Z] Node Version:  v10.15.3
[debug] [2019-08-10T02:55:49.597Z] Time:          Sat Aug 10 2019 04:55:49 GMT+0200 (Central European Summer Time)
[debug] [2019-08-10T02:55:49.598Z] ----------------------------------------------------------------------
[debug] 
[debug] [2019-08-10T02:55:49.627Z] > command requires scopes: ["email","openid","https://www.googleapis.com/auth/cloudplatformprojects.readonly","https://www.googleapis.com/auth/firebase","https://www.googleapis.com/auth/cloud-platform"]
[debug] [2019-08-10T02:55:49.628Z] > authorizing via signed-in user
[info] 
     ######## #### ########  ######## ########     ###     ######  ########
     ##        ##  ##     ## ##       ##     ##  ##   ##  ##       ##
     ######    ##  ########  ######   ########  #########  ######  ######
     ##        ##  ##    ##  ##       ##     ## ##     ##       ## ##
     ##       #### ##     ## ######## ########  ##     ##  ######  ########

You're about to initialize a Firebase project in this directory:

  C:\Users\Rahma\Desktop\angular\portfolio\porfolio

[info] 
=== Project Setup
[info] 
[info] First, let's associate this project directory with a Firebase project.
[info] You can create multiple project aliases by running firebase use --add, 
[info] but for now we'll just set up a default project.
[info] 
[debug] [2019-08-10T02:55:54.425Z] >>> HTTP REQUEST GET https://firebase.googleapis.com/v1beta1/projects?page_size=100  
 
[debug] [2019-08-10T02:55:55.351Z] <<< HTTP RESPONSE 200
[info] i  Using project form-c4b45 (form)
[info] 
=== Hosting Setup
[info] 
[info] Your public directory is the folder (relative to your project directory) that
[info] will contain Hosting assets to be uploaded with firebase deploy. If you
[info] have a build process for your assets, use your build's output directory.
[info] 
[info] +  Wrote dist/404.html
[debug] [2019-08-10T02:56:05.706Z] >>> HTTP REQUEST GET https://www.gstatic.com/firebasejs/releases.json  
 
[debug] [2019-08-10T02:56:06.726Z] Error: unable to verify the first certificate
    at TLSSocket.onConnectSecure (_tls_wrap.js:1051:34)
    at TLSSocket.emit (events.js:189:13)
    at TLSSocket.EventEmitter.emit (domain.js:441:20)
    at TLSSocket._finishInit (_tls_wrap.js:633:8)
[error] 
[error] Error: Server Error. unable to verify the first certificate
[debug] [2019-08-10T02:59:23.357Z] ----------------------------------------------------------------------
[debug] [2019-08-10T02:59:23.366Z] Command:       C:\Program Files\nodejs\node.exe C:\Users\Rahma\AppData\Roaming\npm\node_modules\firebase-tools\lib\bin\firebase.js init
[debug] [2019-08-10T02:59:23.367Z] CLI Version:   7.2.0
[debug] [2019-08-10T02:59:23.367Z] Platform:      win32
[debug] [2019-08-10T02:59:23.367Z] Node Version:  v10.15.3
[debug] [2019-08-10T02:59:23.370Z] Time:          Sat Aug 10 2019 04:59:23 GMT+0200 (Central European Summer Time)
[debug] [2019-08-10T02:59:23.372Z] ----------------------------------------------------------------------
[debug] 
[debug] [2019-08-10T02:59:23.401Z] > command requires scopes: ["email","openid","https://www.googleapis.com/auth/cloudplatformprojects.readonly","https://www.googleapis.com/auth/firebase","https://www.googleapis.com/auth/cloud-platform"]
[debug] [2019-08-10T02:59:23.403Z] > authorizing via signed-in user
[info] 
     ######## #### ########  ######## ########     ###     ######  ########
     ##        ##  ##     ## ##       ##     ##  ##   ##  ##       ##
     ######    ##  ########  ######   ########  #########  ######  ######
     ##        ##  ##    ##  ##       ##     ## ##     ##       ## ##
     ##       #### ##     ## ######## ########  ##     ##  ######  ########

You're about to initialize a Firebase project in this directory:

  C:\Users\Rahma\Desktop\angular\portfolio\porfolio

[info] 
=== Project Setup
[info] 
[info] First, let's associate this project directory with a Firebase project.
[info] You can create multiple project aliases by running firebase use --add, 
[info] but for now we'll just set up a default project.
[info] 
[debug] [2019-08-10T02:59:28.090Z] >>> HTTP REQUEST GET https://firebase.googleapis.com/v1beta1/projects?page_size=100  
 
[debug] [2019-08-10T02:59:29.193Z] <<< HTTP RESPONSE 200
[info] i  Using project form-c4b45 (form)
[info] 
=== Hosting Setup
[info] 
[info] Your public directory is the folder (relative to your project directory) that
[info] will contain Hosting assets to be uploaded with firebase deploy. If you
[info] have a build process for your assets, use your build's output directory.
[info] 
[info] i  Skipping write of dist/404.html
[debug] [2019-08-10T02:59:39.103Z] >>> HTTP REQUEST GET https://www.gstatic.com/firebasejs/releases.json  
 
[debug] [2019-08-10T02:59:40.084Z] Error: unable to verify the first certificate
    at TLSSocket.onConnectSecure (_tls_wrap.js:1051:34)
    at TLSSocket.emit (events.js:189:13)
    at TLSSocket.EventEmitter.emit (domain.js:441:20)
    at TLSSocket._finishInit (_tls_wrap.js:633:8)
[error] 
[error] Error: Server Error. unable to verify the first certificate
[debug] [2019-08-10T03:09:54.740Z] ----------------------------------------------------------------------
[debug] [2019-08-10T03:09:54.757Z] Command:       C:\Program Files\nodejs\node.exe C:\Users\Rahma\AppData\Roaming\npm\node_modules\firebase-tools\lib\bin\firebase.js init
[debug] [2019-08-10T03:09:54.758Z] CLI Version:   7.2.0
[debug] [2019-08-10T03:09:54.758Z] Platform:      win32
[debug] [2019-08-10T03:09:54.759Z] Node Version:  v10.15.3
[debug] [2019-08-10T03:09:54.763Z] Time:          Sat Aug 10 2019 05:09:54 GMT+0200 (Central European Summer Time)
[debug] [2019-08-10T03:09:54.764Z] ----------------------------------------------------------------------
[debug] 
[debug] [2019-08-10T03:09:54.798Z] > command requires scopes: ["email","openid","https://www.googleapis.com/auth/cloudplatformprojects.readonly","https://www.googleapis.com/auth/firebase","https://www.googleapis.com/auth/cloud-platform"]
[debug] [2019-08-10T03:09:54.800Z] > authorizing via signed-in user
[info] 
     ######## #### ########  ######## ########     ###     ######  ########
     ##        ##  ##     ## ##       ##     ##  ##   ##  ##       ##
     ######    ##  ########  ######   ########  #########  ######  ######
     ##        ##  ##    ##  ##       ##     ## ##     ##       ## ##
     ##       #### ##     ## ######## ########  ##     ##  ######  ########

You're about to initialize a Firebase project in this directory:

  C:\Users\Rahma\Desktop\angular\portfolio\porfolio

[info] 
=== Project Setup
[info] 
[info] First, let's associate this project directory with a Firebase project.
[info] You can create multiple project aliases by running firebase use --add, 
[info] but for now we'll just set up a default project.
[info] 
[debug] [2019-08-10T03:10:00.513Z] >>> HTTP REQUEST GET https://firebase.googleapis.com/v1beta1/projects?page_size=100  
 
[debug] [2019-08-10T03:10:02.924Z] <<< HTTP RESPONSE 200
[info] i  Using project form-c4b45 (form)
[info] 
=== Hosting Setup
[info] 
[info] Your public directory is the folder (relative to your project directory) that
[info] will contain Hosting assets to be uploaded with firebase deploy. If you
[info] have a build process for your assets, use your build's output directory.
[info] 
[info] +  Wrote dist/porfolio/404.html
[debug] [2019-08-10T03:10:20.897Z] >>> HTTP REQUEST GET https://www.gstatic.com/firebasejs/releases.json  
 
[debug] [2019-08-10T03:10:23.910Z] Error: unable to verify the first certificate
    at TLSSocket.onConnectSecure (_tls_wrap.js:1051:34)
    at TLSSocket.emit (events.js:189:13)
    at TLSSocket.EventEmitter.emit (domain.js:441:20)
    at TLSSocket._finishInit (_tls_wrap.js:633:8)
[error] 
[error] Error: Server Error. unable to verify the first certificate
