[debug] [2019-08-10T02:31:07.247Z] ----------------------------------------------------------------------
[debug] [2019-08-10T02:31:07.291Z] Command:       C:\Program Files\nodejs\node.exe C:\Users\Rahma\AppData\Roaming\npm\node_modules\firebase-tools\lib\bin\firebase.js init
[debug] [2019-08-10T02:31:07.293Z] CLI Version:   7.2.0
[debug] [2019-08-10T02:31:07.294Z] Platform:      win32
[debug] [2019-08-10T02:31:07.294Z] Node Version:  v10.15.3
[debug] [2019-08-10T02:31:07.298Z] Time:          Sat Aug 10 2019 04:31:07 GMT+0200 (Central European Summer Time)
[debug] [2019-08-10T02:31:07.300Z] ----------------------------------------------------------------------
[debug] 
[debug] [2019-08-10T02:31:07.340Z] > command requires scopes: ["email","openid","https://www.googleapis.com/auth/cloudplatformprojects.readonly","https://www.googleapis.com/auth/firebase","https://www.googleapis.com/auth/cloud-platform"]
[debug] [2019-08-10T02:31:07.342Z] > authorizing via signed-in user
[info] 
     ######## #### ########  ######## ########     ###     ######  ########
     ##        ##  ##     ## ##       ##     ##  ##   ##  ##       ##
     ######    ##  ########  ######   ########  #########  ######  ######
     ##        ##  ##    ##  ##       ##     ## ##     ##       ## ##
     ##       #### ##     ## ######## ########  ##     ##  ######  ########

You're about to initialize a Firebase project in this directory:

  C:\Users\Rahma\Desktop\angular\portfolio\porfolio

Before we get started, keep in mind:

  * You are initializing in an existing Firebase project directory

